<?xml version="1.0" encoding="UTF-8"?>
<!-- Generated by org.testng.reporters.JUnitXMLReporter -->
<testsuite hostname="Ty-Deepak-Tr" ignored="6" name="Test" tests="2" failures="0" timestamp="17 Dec 2020 10:27:34 GMT" time="45.575" errors="0">
  <testcase name="createOrg" time="13.068" classname="com.comcast.orgnaizationtest.CreateOrganixzationTest"/>
  <testcase name="createConatct" time="12.358" classname="com.comcast.conatcttest.CreateCoantctTest"/>
  <testcase name="createOrgWithIndustry" time="0.0" classname="com.comcast.orgnaizationtest.CreateOrganixzationTest">
    <ignored/>
  </testcase> <!-- createOrgWithIndustry -->
  <testcase name="@BeforeSuite configBeforeSuite" time="0.0" classname="com.comcast.commonutils.BaseClass">
    <ignored/>
  </testcase> <!-- @BeforeSuite configBeforeSuite -->
  <testcase name="@BeforeSuite configBeforeSuite" time="0.0" classname="com.comcast.commonutils.BaseClass">
    <ignored/>
  </testcase> <!-- @BeforeSuite configBeforeSuite -->
  <testcase name="@AfterSuite configAsterSuite" time="0.0" classname="com.comcast.commonutils.BaseClass">
    <ignored/>
  </testcase> <!-- @AfterSuite configAsterSuite -->
  <testcase name="@AfterSuite configAsterSuite" time="0.0" classname="com.comcast.commonutils.BaseClass">
    <ignored/>
  </testcase> <!-- @AfterSuite configAsterSuite -->
  <testcase name="createConatctWithORg" time="0.0" classname="com.comcast.conatcttest.CreateConatctWithORg">
    <ignored/>
  </testcase> <!-- createConatctWithORg -->
</testsuite> <!-- Test -->
