<?xml version="1.0" encoding="UTF-8"?>
<!-- Generated by org.testng.reporters.JUnitXMLReporter -->
<testsuite hostname="Ty-Deepak-Tr" ignored="2" name="TestRunner-2" tests="3" failures="0" timestamp="17 Dec 2020 10:36:06 GMT" time="83.814" errors="0">
  <testcase name="createOrg" time="18.355" classname="com.comcast.orgnaizationtest.CreateOrganixzationTest"/>
  <testcase name="createOrgWithIndustry" time="17.434" classname="com.comcast.orgnaizationtest.CreateOrganixzationTest"/>
  <testcase name="createOrgWithIndustry" time="18.093" classname="com.comcast.orgnaizationtest.CreateOrganixzationWithIndustryTest"/>
  <testcase name="@BeforeSuite configBeforeSuite" time="0.0" classname="com.comcast.commonutils.BaseClass">
    <ignored/>
  </testcase> <!-- @BeforeSuite configBeforeSuite -->
  <testcase name="@AfterSuite configAsterSuite" time="0.0" classname="com.comcast.commonutils.BaseClass">
    <ignored/>
  </testcase> <!-- @AfterSuite configAsterSuite -->
</testsuite> <!-- TestRunner-2 -->
