<?xml version="1.0" encoding="UTF-8"?>
<!-- Generated by org.testng.reporters.JUnitXMLReporter -->
<testsuite hostname="Ty-Deepak-Tr" ignored="2" name="TestRunner-21" tests="2" failures="0" timestamp="17 Dec 2020 10:36:00 GMT" time="78.002" errors="0">
  <testcase name="createConatct" time="17.678" classname="com.comcast.conatcttest.CreateCoantctTest"/>
  <testcase name="createConatctWithORg" time="34.08" classname="com.comcast.conatcttest.CreateConatctWithORg"/>
  <testcase name="@BeforeSuite configBeforeSuite" time="0.0" classname="com.comcast.commonutils.BaseClass">
    <ignored/>
  </testcase> <!-- @BeforeSuite configBeforeSuite -->
  <testcase name="@AfterSuite configAsterSuite" time="0.0" classname="com.comcast.commonutils.BaseClass">
    <ignored/>
  </testcase> <!-- @AfterSuite configAsterSuite -->
</testsuite> <!-- TestRunner-21 -->
